============================= test session starts ==============================
platform darwin -- Python 3.14.3, pytest-9.0.2, pluggy-1.6.0 -- /Users/vishalsuresh/Documents/School/CSCE482/S26_Capstone_L3/venv/bin/python3.14
cachedir: .pytest_cache
rootdir: /Users/vishalsuresh/Documents/School/CSCE482/S26_Capstone_L3
configfile: pytest.ini
plugins: anyio-4.12.1, mock-3.15.1, xdist-3.8.0, Faker-40.8.0, logfire-4.24.0, cov-7.0.0
collecting ... collected 71 items

tests/unit/agents/test_qa_agent_v2.py::TestParseQAResult::test_valid_json PASSED [  1%]
tests/unit/agents/test_qa_agent_v2.py::TestParseQAResult::test_json_wrapped_in_markdown PASSED [  2%]
tests/unit/agents/test_qa_agent_v2.py::TestParseQAResult::test_invalid_json_returns_unsafe PASSED [  4%]
tests/unit/agents/test_qa_agent_v2.py::TestParseQAResult::test_missing_fields_use_defaults PASSED [  5%]
tests/unit/agents/test_qa_agent_v2.py::TestParseQAResult::test_non_list_side_effects_ignored PASSED [  7%]
tests/unit/agents/test_qa_agent_v2.py::TestBuildQAPrompt::test_contains_vulnerability_info PASSED [  8%]
tests/unit/agents/test_qa_agent_v2.py::TestBuildQAPrompt::test_contains_remediation_commands PASSED [  9%]
tests/unit/agents/test_qa_agent_v2.py::TestBuildQAPrompt::test_contains_review_info PASSED [ 11%]
tests/unit/agents/test_qa_agent_v2.py::TestBuildQAPrompt::test_contains_execution_details PASSED [ 12%]
tests/unit/agents/test_qa_agent_v2.py::TestBuildQAPrompt::test_includes_error_summary_when_present PASSED [ 14%]
tests/unit/agents/test_qa_agent_v2.py::TestBuildQAPrompt::test_includes_llm_verdict_when_present PASSED [ 15%]
tests/unit/agents/test_qa_agent_v2.py::TestQAAgentV2Process::test_process_returns_qa_result PASSED [ 16%]
tests/unit/agents/test_qa_agent_v2.py::TestQAAgentV2Process::test_process_unsafe_verdict PASSED [ 18%]
tests/unit/agents/test_qa_agent_v2.py::TestQAAgentV2Process::test_process_llm_returns_garbage PASSED [ 19%]
tests/unit/agents/test_remedy_agent_v2.py::TestRemedyAgentV2::test_full_success_path PASSED [ 21%]
tests/unit/agents/test_remedy_agent_v2.py::TestRemedyAgentV2::test_approval_rejected_no_scan PASSED [ 22%]
tests/unit/agents/test_remedy_agent_v2.py::TestRemedyAgentV2::test_approved_but_scan_fails PASSED [ 23%]
tests/unit/agents/test_remedy_agent_v2.py::TestRemedyAgentV2::test_remedy_generation_error PASSED [ 25%]
tests/unit/agents/test_remedy_agent_v2.py::TestRemedyAgentV2::test_review_input_constructed_correctly PASSED [ 26%]
tests/unit/agents/test_remedy_agent_v2.py::TestRemedyAgentV2::test_duration_is_recorded PASSED [ 28%]
tests/unit/agents/test_review_agent_v2.py::TestReviewAgentV2::test_both_approve PASSED [ 29%]
tests/unit/agents/test_review_agent_v2.py::TestReviewAgentV2::test_review_rejects_qa_not_called PASSED [ 30%]
tests/unit/agents/test_review_agent_v2.py::TestReviewAgentV2::test_review_approves_qa_rejects PASSED [ 32%]
tests/unit/agents/test_review_agent_v2.py::TestReviewAgentV2::test_review_error_auto_approves_then_qa_runs PASSED [ 33%]
tests/unit/agents/test_review_agent_v2.py::TestReviewAgentV2::test_qa_error_returns_not_approved PASSED [ 35%]
tests/unit/agents/test_review_agent_v2.py::TestReviewAgentV2::test_qa_receives_correct_input PASSED [ 36%]
tests/unit/agents/test_triage_agent.py::TestTriageAgent::test_init_default_mode PASSED [ 38%]
tests/unit/agents/test_triage_agent.py::TestTriageAgent::test_init_custom_mode PASSED [ 39%]
tests/unit/agents/test_triage_agent.py::TestTriageAgent::test_local_classification_dangerous_partition PASSED [ 40%]
tests/unit/agents/test_triage_agent.py::TestTriageAgent::test_local_classification_dangerous_auth PASSED [ 42%]
tests/unit/agents/test_triage_agent.py::TestTriageAgent::test_local_classification_safe_ssh_config PASSED [ 43%]
tests/unit/agents/test_triage_agent.py::TestTriageAgent::test_llm_classification_success PASSED [ 45%]
tests/unit/agents/test_triage_agent.py::TestTriageAgent::test_llm_classification_human_review PASSED [ 46%]
tests/unit/agents/test_triage_agent.py::TestTriageAgent::test_llm_classification_too_dangerous PASSED [ 47%]
tests/unit/agents/test_triage_agent.py::TestTriageAgent::test_llm_failure_fallback PASSED [ 49%]
tests/unit/agents/test_triage_agent.py::TestTriageAgent::test_severity_based_fallback PASSED [ 50%]
tests/unit/agents/test_triage_agent.py::TestTriageAgent::test_system_context_handling PASSED [ 52%]
tests/unit/agents/test_triage_agent.py::TestTriageAgent::test_invalid_input_handling PASSED [ 53%]
tests/unit/agents/test_triage_agent.py::TestTriageAgent::test_llm_response_validation_error PASSED [ 54%]
tests/unit/helpers/test_llm_base.py::TestToolCallingLLM::test_init PASSED [ 56%]
tests/unit/helpers/test_llm_base.py::TestToolCallingLLM::test_successful_llm_call_no_tools FAILED [ 57%]
tests/unit/helpers/test_llm_base.py::TestToolCallingLLM::test_successful_llm_call_with_tools FAILED [ 59%]
tests/unit/helpers/test_llm_base.py::TestToolCallingLLM::test_llm_api_error PASSED [ 60%]
tests/unit/helpers/test_llm_base.py::TestToolCallingLLM::test_llm_network_error PASSED [ 61%]
tests/unit/helpers/test_llm_base.py::TestToolCallingLLM::test_llm_timeout PASSED [ 63%]
tests/unit/helpers/test_llm_base.py::TestToolCallingLLM::test_tool_execution_error PASSED [ 64%]
tests/unit/helpers/test_llm_base.py::TestToolCallingLLM::test_invalid_tool_arguments 